  CHK     include/linux/version.h
  CHK     include/generated/utsrelease.h
make[1]: `include/generated/mach-types.h' is up to date.
  CALL    scripts/checksyscalls.sh
  CC [M]  crypto/ecb.o
  CC [M]  crypto/arc4.o
  CC [M]  net/mac80211/main.o
  CC [M]  net/mac80211/status.o
  CC [M]  net/mac80211/sta_info.o
  CC [M]  net/mac80211/wep.o
  CC [M]  net/mac80211/wpa.o
  CC [M]  drivers/scsi/scsi_wait_scan.o
  CC [M]  net/mac80211/scan.o
  CC [M]  net/mac80211/offchannel.o
  CC [M]  net/mac80211/ht.o
  CC [M]  net/mac80211/agg-tx.o
  CC [M]  net/wireless/core.o
  CC [M]  net/mac80211/agg-rx.o
  CC [M]  drivers/video/backlight/generic_bl.o
  CC [M]  net/mac80211/ibss.o
  CC [M]  net/mac80211/mlme.o
  CC [M]  net/mac80211/work.o
  CC [M]  net/mac80211/iface.o
  CC [M]  net/mac80211/rate.o
  CC [M]  net/mac80211/michael.o
  CC [M]  net/wireless/sysfs.o
  CC [M]  net/wireless/radiotap.o
  CC [M]  net/mac80211/tkip.o
  CC [M]  net/mac80211/aes_ccm.o
  CC [M]  net/wireless/util.o
  CC [M]  net/mac80211/aes_cmac.o
  CC [M]  net/mac80211/cfg.o
  CC [M]  net/mac80211/rx.o
  CC [M]  net/wireless/reg.o
  CC [M]  net/mac80211/spectmgmt.o
  CC [M]  net/mac80211/tx.o
  CC [M]  net/mac80211/key.o
  CC [M]  net/mac80211/util.o
  CC [M]  net/mac80211/wme.o
  CC [M]  net/mac80211/event.o
  CC [M]  net/wireless/scan.o
  CC [M]  net/mac80211/chan.o
  CC [M]  net/mac80211/pm.o
  CC [M]  net/wireless/nl80211.o
  CC [M]  net/mac80211/rc80211_minstrel.o
  CC [M]  net/mac80211/rc80211_minstrel_ht.o
  CC [M]  net/wireless/mlme.o
  CC [M]  net/wireless/ibss.o
  CC [M]  net/wireless/sme.o
  CC [M]  net/wireless/chan.o
  CC [M]  net/wireless/ethtool.o
  CC [M]  net/wireless/wext-compat.o
  CC [M]  net/wireless/wext-sme.o
  LD [M]  net/mac80211/mac80211.o
  LD [M]  net/wireless/cfg80211.o
  Building modules, stage 2.
  MODPOST 6 modules
  CC      crypto/arc4.mod.o
  CC      crypto/ecb.mod.o
  CC      drivers/scsi/scsi_wait_scan.mod.o
  CC      drivers/video/backlight/generic_bl.mod.o
  CC      net/mac80211/mac80211.mod.o
  CC      net/wireless/cfg80211.mod.o
  LD [M]  net/mac80211/mac80211.ko
  LD [M]  drivers/video/backlight/generic_bl.ko
  LD [M]  crypto/arc4.ko
  LD [M]  crypto/ecb.ko
  LD [M]  net/wireless/cfg80211.ko
  LD [M]  drivers/scsi/scsi_wait_scan.ko
